[    0.000000] Initializing cgroup subsys cpuset
[    0.000000] Initializing cgroup subsys cpu
[    0.000000] Initializing cgroup subsys cpuacct
[    0.000000] Linux version 4.4.0-57-generic (buildd@lgw01-54) (gcc version 5.4.0 20160609 (Ubuntu 5.4.0-6ubuntu1~16.04.4) ) #78-Ubuntu SMP Fri Dec 9 23:50:32 UTC 2016 (Ubuntu 4.4.0-57.78-generic 4.4.35)
[    0.000000] Command line: BOOT_IMAGE=/boot/vmlinuz-4.4.0-57-generic root=LABEL=cloudimg-rootfs ro console=tty1 console=ttyS0
[    0.000000] KERNEL supported cpus:
[    0.000000]   Intel GenuineIntel
[    0.000000]   AMD AuthenticAMD
[    0.000000]   Centaur CentaurHauls
[    0.000000] x86/fpu: xstate_offset[2]:  576, xstate_sizes[2]:  256
[    0.000000] x86/fpu: Supporting XSAVE feature 0x01: 'x87 floating point registers'
[    0.000000] x86/fpu: Supporting XSAVE feature 0x02: 'SSE registers'
[    0.000000] x86/fpu: Supporting XSAVE feature 0x04: 'AVX registers'
[    0.000000] x86/fpu: Enabled xstate features 0x7, context size is 832 bytes, using 'standard' format.
[    0.000000] x86/fpu: Using 'lazy' FPU context switches.
[    0.000000] e820: BIOS-provided physical RAM map:
[    0.000000] BIOS-e820: [mem 0x0000000000000000-0x000000000009fbff] usable
[    0.000000] BIOS-e820: [mem 0x000000000009fc00-0x000000000009ffff] reserved
[    0.000000] BIOS-e820: [mem 0x00000000000f0000-0x00000000000fffff] reserved
[    0.000000] BIOS-e820: [mem 0x0000000000100000-0x000000003ffeffff] usable
[    0.000000] BIOS-e820: [mem 0x000000003fff0000-0x000000003fffffff] ACPI data
[    0.000000] BIOS-e820: [mem 0x00000000fec00000-0x00000000fec00fff] reserved
[    0.000000] BIOS-e820: [mem 0x00000000fee00000-0x00000000fee00fff] reserved
[    0.000000] BIOS-e820: [mem 0x00000000fffc0000-0x00000000ffffffff] reserved
[    0.000000] NX (Execute Disable) protection: active
[    0.000000] SMBIOS 2.5 present.
[    0.000000] Hypervisor detected: KVM
[    0.000000] AGP: No AGP bridge found
[    0.000000] e820: last_pfn = 0x3fff0 max_arch_pfn = 0x400000000
[    0.000000] MTRR: Disabled
[    0.000000] x86/PAT: MTRRs disabled, skipping PAT initialization too.
[    0.000000] x86/PAT: Configuration [0-7]: WB  WT  UC- UC  WB  WT  UC- UC  
[    0.000000] CPU MTRRs all blank - virtualized system.
[    0.000000] found SMP MP-table at [mem 0x0009fff0-0x0009ffff] mapped at [ffff88000009fff0]
[    0.000000] Scanning 1 areas for low memory corruption
[    0.000000] RAMDISK: [mem 0x36b5a000-0x375a4fff]
[    0.000000] ACPI: Early table checksum verification disabled
[    0.000000] ACPI: RSDP 0x00000000000E0000 000024 (v02 VBOX  )
[    0.000000] ACPI: XSDT 0x000000003FFF0030 00003C (v01 VBOX   VBOXXSDT 00000001 ASL  00000061)
[    0.000000] ACPI: FACP 0x000000003FFF00F0 0000F4 (v04 VBOX   VBOXFACP 00000001 ASL  00000061)
[    0.000000] ACPI: DSDT 0x000000003FFF0470 00210F (v01 VBOX   VBOXBIOS 00000002 INTL 20100528)
[    0.000000] ACPI: FACS 0x000000003FFF0200 000040
[    0.000000] ACPI: FACS 0x000000003FFF0200 000040
[    0.000000] ACPI: APIC 0x000000003FFF0240 00005C (v02 VBOX   VBOXAPIC 00000001 ASL  00000061)
[    0.000000] ACPI: SSDT 0x000000003FFF02A0 0001CC (v01 VBOX   VBOXCPUT 00000002 INTL 20100528)
[    0.000000] No NUMA configuration found
[    0.000000] Faking a node at [mem 0x0000000000000000-0x000000003ffeffff]
[    0.000000] NODE_DATA(0) allocated [mem 0x3ffeb000-0x3ffeffff]
[    0.000000] kvm-clock: Using msrs 4b564d01 and 4b564d00
[    0.000000] kvm-clock: cpu 0, msr 0:3ffe3001, primary cpu clock
[    0.000000] kvm-clock: using sched offset of 3761714093 cycles
[    0.000000] clocksource: kvm-clock: mask: 0xffffffffffffffff max_cycles: 0x1cd42e4dffb, max_idle_ns: 881590591483 ns
[    0.000000] Zone ranges:
[    0.000000]   DMA      [mem 0x0000000000001000-0x0000000000ffffff]
[    0.000000]   DMA32    [mem 0x0000000001000000-0x000000003ffeffff]
[    0.000000]   Normal   empty
[    0.000000]   Device   empty
[    0.000000] Movable zone start for each node
[    0.000000] Early memory node ranges
[    0.000000]   node   0: [mem 0x0000000000001000-0x000000000009efff]
[    0.000000]   node   0: [mem 0x0000000000100000-0x000000003ffeffff]
[    0.000000] Initmem setup node 0 [mem 0x0000000000001000-0x000000003ffeffff]
[    0.000000] ACPI: PM-Timer IO Port: 0x4008
[    0.000000] IOAPIC[0]: apic_id 2, version 32, address 0xfec00000, GSI 0-23
[    0.000000] ACPI: INT_SRC_OVR (bus 0 bus_irq 0 global_irq 2 dfl dfl)
[    0.000000] ACPI: INT_SRC_OVR (bus 0 bus_irq 9 global_irq 9 high level)
[    0.000000] Using ACPI (MADT) for SMP configuration information
[    0.000000] smpboot: Allowing 2 CPUs, 0 hotplug CPUs
[    0.000000] PM: Registered nosave memory: [mem 0x00000000-0x00000fff]
[    0.000000] PM: Registered nosave memory: [mem 0x0009f000-0x0009ffff]
[    0.000000] PM: Registered nosave memory: [mem 0x000a0000-0x000effff]
[    0.000000] PM: Registered nosave memory: [mem 0x000f0000-0x000fffff]
[    0.000000] e820: [mem 0x40000000-0xfebfffff] available for PCI devices
[    0.000000] Booting paravirtualized kernel on KVM
[    0.000000] clocksource: refined-jiffies: mask: 0xffffffff max_cycles: 0xffffffff, max_idle_ns: 7645519600211568 ns
[    0.000000] setup_percpu: NR_CPUS:512 nr_cpumask_bits:512 nr_cpu_ids:2 nr_node_ids:1
[    0.000000] PERCPU: Embedded 33 pages/cpu @ffff88003fc00000 s98264 r8192 d28712 u1048576
[    0.000000] PV qspinlock hash table entries: 256 (order: 0, 4096 bytes)
[    0.000000] Built 1 zonelists in Node order, mobility grouping on.  Total pages: 257913
[    0.000000] Policy zone: DMA32
[    0.000000] Kernel command line: BOOT_IMAGE=/boot/vmlinuz-4.4.0-57-generic root=LABEL=cloudimg-rootfs ro console=tty1 console=ttyS0
[    0.000000] PID hash table entries: 4096 (order: 3, 32768 bytes)
[    0.000000] AGP: Checking aperture...
[    0.000000] AGP: No AGP bridge found
[    0.000000] Memory: 1002044K/1048120K available (8432K kernel code, 1291K rwdata, 3960K rodata, 1484K init, 1316K bss, 46076K reserved, 0K cma-reserved)
[    0.000000] SLUB: HWalign=64, Order=0-3, MinObjects=0, CPUs=2, Nodes=1
[    0.000000] Hierarchical RCU implementation.
[    0.000000] 	Build-time adjustment of leaf fanout to 64.
[    0.000000] 	RCU restricting CPUs from NR_CPUS=512 to nr_cpu_ids=2.
[    0.000000] RCU: Adjusting geometry for rcu_fanout_leaf=64, nr_cpu_ids=2
[    0.000000] NR_IRQS:33024 nr_irqs:440 16
[    0.000000] Console: colour VGA+ 80x25
[    0.000000] console [tty1] enabled
[    0.000000] console [ttyS0] enabled
[    0.000000] tsc: Detected 3511.744 MHz processor
[    0.000000] tsc: Marking TSC unstable due to TSCs unsynchronized
[    0.012000] Calibrating delay loop (skipped) preset value.. 7023.48 BogoMIPS (lpj=14046976)
[    0.016004] pid_max: default: 32768 minimum: 301
[    0.020013] ACPI: Core revision 20150930
[    0.024946] ACPI: 2 ACPI AML tables successfully acquired and loaded
[    0.032357] Security Framework initialized
[    0.036006] Yama: becoming mindful.
[    0.040019] AppArmor: AppArmor initialized
[    0.044092] Dentry cache hash table entries: 131072 (order: 8, 1048576 bytes)
[    0.048215] Inode-cache hash table entries: 65536 (order: 7, 524288 bytes)
[    0.056053] Mount-cache hash table entries: 2048 (order: 2, 16384 bytes)
[    0.060007] Mountpoint-cache hash table entries: 2048 (order: 2, 16384 bytes)
[    0.064153] Initializing cgroup subsys io
[    0.068006] Initializing cgroup subsys memory
[    0.069164] Initializing cgroup subsys devices
[    0.070344] Initializing cgroup subsys freezer
[    0.072004] Initializing cgroup subsys net_cls
[    0.076006] Initializing cgroup subsys perf_event
[    0.077241] Initializing cgroup subsys net_prio
[    0.078584] Initializing cgroup subsys hugetlb
[    0.080004] Initializing cgroup subsys pids
[    0.081241] CPU: Physical Processor ID: 0
[    0.084003] CPU: Processor Core ID: 0
[    0.085043] mce: CPU supports 0 MCE banks
[    0.088018] Last level iTLB entries: 4KB 512, 2MB 1024, 4MB 512
[    0.089493] Last level dTLB entries: 4KB 1024, 2MB 1024, 4MB 512, 1GB 0
[    0.093971] Freeing SMP alternatives memory: 32K (ffffffff820b7000 - ffffffff820bf000)
[    0.106359] ftrace: allocating 32063 entries in 126 pages
[    0.116065] smpboot: APIC(0) Converting physical 0 to logical package 0
[    0.120005] smpboot: Max logical packages: 1
[    0.124334] x2apic enabled
[    0.128004] Switched APIC routing to physical x2apic.
[    0.133333] ..TIMER: vector=0x30 apic1=0 pin1=2 apic2=-1 pin2=-1
[    0.140000] smpboot: CPU0: AMD FX(tm)-8320 Eight-Core Processor (family: 0x15, model: 0x2, stepping: 0x0)
[    0.148010] Performance Events: Broken PMU hardware detected, using software events only.
[    0.152004] Failed to access perfctr msr (MSR c0010007 is 0)
[    0.156040] KVM setup paravirtual spinlock
[    0.160890] x86: Booting SMP configuration:
[    0.164007] .... node  #0, CPUs:      #1
[    0.012000] kvm-clock: cpu 1, msr 0:3ffe3041, secondary cpu clock
[    0.012000] mce: CPU supports 0 MCE banks
[    0.227100] x86: Booted up 1 node, 2 CPUs
[    0.228003] smpboot: Total of 2 processors activated (14046.97 BogoMIPS)
[    0.232276] devtmpfs: initialized
[    0.233331] evm: security.selinux
[    0.248003] evm: security.SMACK64
[    0.250014] evm: security.SMACK64EXEC
[    0.250999] evm: security.SMACK64TRANSMUTE
[    0.256001] evm: security.SMACK64MMAP
[    0.257006] evm: security.ima
[    0.268001] evm: security.capability
[    0.269013] clocksource: jiffies: mask: 0xffffffff max_cycles: 0xffffffff, max_idle_ns: 7645041785100000 ns
[    0.288064] pinctrl core: initialized pinctrl subsystem
[    0.296020] RTC time: 13:13:36, date: 01/10/17
[    0.304161] NET: Registered protocol family 16
[    0.320004] cpuidle: using governor ladder
[    0.336006] cpuidle: using governor menu
[    0.340012] PCCT header not found.
[    0.344263] ACPI: bus type PCI registered
[    0.345379] acpiphp: ACPI Hot Plug PCI Controller Driver version: 0.5
[    0.348100] PCI: Using configuration type 1 for base access
[    0.352002] PCI: Using configuration type 1 for extended access
[    0.372090] ACPI: Added _OSI(Module Device)
[    0.376010] ACPI: Added _OSI(Processor Device)
[    0.377247] ACPI: Added _OSI(3.0 _SCP Extensions)
[    0.378507] ACPI: Added _OSI(Processor Aggregator Device)
[    0.380767] ACPI: Executed 1 blocks of module-level executable AML code
[    0.386433] ACPI: Interpreter enabled
[    0.404011] ACPI: (supports S0 S5)
[    0.405013] ACPI: Using IOAPIC for interrupt routing
[    0.408163] PCI: Using host bridge windows from ACPI; if necessary, use "pci=nocrs" and report a bug
[    0.416256] ACPI: PCI Root Bridge [PCI0] (domain 0000 [bus 00-ff])
[    0.424005] acpi PNP0A03:00: _OSC: OS supports [ExtendedConfig ASPM ClockPM Segments MSI]
[    0.452008] acpi PNP0A03:00: _OSC failed (AE_NOT_FOUND); disabling ASPM
[    0.488258] PCI host bridge to bus 0000:00
[    0.490595] pci_bus 0000:00: root bus resource [io  0x0000-0x0cf7 window]
[    0.512004] pci_bus 0000:00: root bus resource [io  0x0d00-0xffff window]
[    0.536003] pci_bus 0000:00: root bus resource [mem 0x000a0000-0x000bffff window]
[    0.548003] pci_bus 0000:00: root bus resource [mem 0x40000000-0xffdfffff window]
[    0.560003] pci_bus 0000:00: root bus resource [bus 00-ff]
[    0.565688] pci 0000:00:01.1: legacy IDE quirk: reg 0x10: [io  0x01f0-0x01f7]
[    0.588003] pci 0000:00:01.1: legacy IDE quirk: reg 0x14: [io  0x03f6]
[    0.600003] pci 0000:00:01.1: legacy IDE quirk: reg 0x18: [io  0x0170-0x0177]
[    0.601792] pci 0000:00:01.1: legacy IDE quirk: reg 0x1c: [io  0x0376]
[    0.641655] pci 0000:00:07.0: quirk: [io  0x4000-0x403f] claimed by PIIX4 ACPI
[    0.652014] pci 0000:00:07.0: quirk: [io  0x4100-0x410f] claimed by PIIX4 SMB
[    0.669286] ACPI: PCI Interrupt Link [LNKA] (IRQs 5 9 10 *11)
[    0.677060] ACPI: PCI Interrupt Link [LNKB] (IRQs 5 9 10 *11)
[    0.680843] ACPI: PCI Interrupt Link [LNKC] (IRQs 5 9 *10 11)
[    0.688013] ACPI: PCI Interrupt Link [LNKD] (IRQs 5 *9 10 11)
[    0.692884] ACPI: Enabled 2 GPEs in block 00 to 07
[    0.696016] vgaarb: setting as boot device: PCI:0000:00:02.0
[    0.700000] vgaarb: device added: PCI:0000:00:02.0,decodes=io+mem,owns=io+mem,locks=none
[    0.740004] vgaarb: loaded
[    0.752002] vgaarb: bridge control possible 0000:00:02.0
[    0.772241] SCSI subsystem initialized
[    0.788046] ACPI: bus type USB registered
[    0.792019] usbcore: registered new interface driver usbfs
[    0.808013] usbcore: registered new interface driver hub
[    0.812001] usbcore: registered new device driver usb
[    0.832074] PCI: Using ACPI for IRQ routing
[    0.840307] NetLabel: Initializing
[    0.844001] NetLabel:  domain hash size = 128
[    0.856001] NetLabel:  protocols = UNLABELED CIPSOv4
[    0.868012] NetLabel:  unlabeled traffic allowed by default
[    0.869483] amd_nb: Cannot enumerate AMD northbridges
[    0.884029] clocksource: Switched to clocksource kvm-clock
[    0.950586] AppArmor: AppArmor Filesystem Enabled
[    1.068779] pnp: PnP ACPI init
[    1.103126] pnp: PnP ACPI: found 3 devices
[    1.165685] clocksource: acpi_pm: mask: 0xffffff max_cycles: 0xffffff, max_idle_ns: 2085701024 ns
[    1.252148] NET: Registered protocol family 2
[    1.271921] TCP established hash table entries: 8192 (order: 4, 65536 bytes)
[    1.276922] TCP bind hash table entries: 8192 (order: 5, 131072 bytes)
[    1.288029] TCP: Hash tables configured (established 8192 bind 8192)
[    1.290610] UDP hash table entries: 512 (order: 2, 16384 bytes)
[    1.293869] UDP-Lite hash table entries: 512 (order: 2, 16384 bytes)
[    1.297554] NET: Registered protocol family 1
[    1.377845] pci 0000:00:00.0: Limiting direct PCI/PCI transfers
[    1.467016] pci 0000:00:01.0: Activating ISA DMA hang workarounds
[    1.581645] Trying to unpack rootfs image as initramfs...
[    3.610558] Freeing initrd memory: 10540K (ffff880036b5a000 - ffff8800375a5000)
[    3.731055] clocksource: tsc: mask: 0xffffffffffffffff max_cycles: 0x329ea71f44b, max_idle_ns: 440795314201 ns
[    3.736213] platform rtc_cmos: registered platform RTC device (no PNP device found)
[    3.736248] Scanning for low memory corruption every 60 seconds
[    3.736616] futex hash table entries: 512 (order: 3, 32768 bytes)
[    3.736649] audit: initializing netlink subsys (disabled)
[    3.736667] audit: type=2000 audit(1484054023.316:1): initialized
[    3.736931] Initialise system trusted keyring
[    3.737013] HugeTLB registered 2 MB page size, pre-allocated 0 pages
[    3.739401] zbud: loaded
[    3.739595] VFS: Disk quotas dquot_6.6.0
[    3.739652] VFS: Dquot-cache hash table entries: 512 (order 0, 4096 bytes)
[    3.740020] squashfs: version 4.0 (2009/01/31) Phillip Lougher
[    3.740356] fuse init (API version 7.23)
[    3.740516] Key type big_key registered
[    3.740530] Allocating IMA MOK and blacklist keyrings.
[    3.740882] Key type asymmetric registered
[    3.740884] Asymmetric key parser 'x509' registered
[    3.740930] Block layer SCSI generic (bsg) driver version 0.4 loaded (major 249)
[    3.740957] io scheduler noop registered
[    3.740959] io scheduler deadline registered (default)
[    3.740999] io scheduler cfq registered
[    3.741102] pci_hotplug: PCI Hot Plug PCI Core version: 0.5
[    3.741119] pciehp: PCI Express Hot Plug Controller Driver version: 0.4
[    3.741264] ACPI: AC Adapter [AC] (on-line)
[    3.741327] input: Power Button as /devices/LNXSYSTM:00/LNXPWRBN:00/input/input0
[    3.741331] ACPI: Power Button [PWRF]
[    3.741415] input: Sleep Button as /devices/LNXSYSTM:00/LNXSLPBN:00/input/input1
[    3.741417] ACPI: Sleep Button [SLPF]
[    3.741588] GHES: HEST is not enabled!
[    3.741695] Serial: 8250/16550 driver, 32 ports, IRQ sharing enabled
[    3.926042] 00:02: ttyS0 at I/O 0x3f8 (irq = 4, base_baud = 115200) is a 16550A
[    3.992078] Linux agpgart interface v0.103
[    4.002964] brd: module loaded
[    4.004139] loop: module loaded
[    4.004772] scsi host0: ata_piix
[    4.004854] scsi host1: ata_piix
[    4.004905] ata1: PATA max UDMA/33 cmd 0x1f0 ctl 0x3f6 bmdma 0xd000 irq 14
[    4.004906] ata2: PATA max UDMA/33 cmd 0x170 ctl 0x376 bmdma 0xd008 irq 15
[    4.005005] libphy: Fixed MDIO Bus: probed
[    4.005008] tun: Universal TUN/TAP device driver, 1.6
[    4.005009] tun: (C) 1999-2004 Max Krasnyansky <maxk@qualcomm.com>
[    4.005050] PPP generic driver version 2.4.2
[    4.005111] ehci_hcd: USB 2.0 'Enhanced' Host Controller (EHCI) Driver
[    4.005116] ehci-pci: EHCI PCI platform driver
[    4.005155] ehci-platform: EHCI generic platform driver
[    4.005166] ohci_hcd: USB 1.1 'Open' Host Controller (OHCI) Driver
[    4.005172] ohci-pci: OHCI PCI platform driver
[    4.005184] ohci-platform: OHCI generic platform driver
[    4.005195] uhci_hcd: USB Universal Host Controller Interface driver
[    4.005264] i8042: PNP: PS/2 Controller [PNP0303:PS2K,PNP0f03:PS2M] at 0x60,0x64 irq 1,12
[    4.007336] serio: i8042 KBD port at 0x60,0x64 irq 1
[    4.007341] serio: i8042 AUX port at 0x60,0x64 irq 12
[    4.007492] mousedev: PS/2 mouse device common for all mice
[    4.007895] rtc_cmos rtc_cmos: rtc core: registered rtc_cmos as rtc0
[    4.007975] rtc_cmos rtc_cmos: alarms up to one day, 114 bytes nvram
[    4.007981] i2c /dev entries driver
[    4.008045] device-mapper: uevent: version 1.0.3
[    4.008147] device-mapper: ioctl: 4.34.0-ioctl (2015-10-28) initialised: dm-devel@redhat.com
[    4.008159] ledtrig-cpu: registered to indicate activity on CPUs
[    4.008487] NET: Registered protocol family 10
[    4.008660] NET: Registered protocol family 17
[    4.008669] Key type dns_resolver registered
[    4.009181] microcode: CPU0: patch_level=0x06000626
[    4.015218] microcode: CPU1: patch_level=0x06000626
[    4.015299] microcode: Microcode Update Driver: v2.01 <tigran@aivazian.fsnet.co.uk>, Peter Oruba
[    4.015447] registered taskstats version 1
[    4.015461] Loading compiled-in X.509 certificates
[    4.016240] Loaded X.509 cert 'Build time autogenerated kernel key: a2268f7e4ca1e818c997a5071614f42c2a90855b'
[    4.016257] zswap: loaded using pool lzo/zbud
[    4.018161] Key type trusted registered
[    4.021308] Key type encrypted registered
[    4.021313] AppArmor: AppArmor sha1 policy hashing enabled
[    4.021316] ima: No TPM chip found, activating TPM-bypass!
[    4.021339] evm: HMAC attrs: 0x1
[    4.021664]   Magic number: 1:266:230
[    4.034149] rtc_cmos rtc_cmos: setting system clock to 2017-01-10 13:13:40 UTC (1484054020)
[    4.034254] BIOS EDD facility v0.16 2004-Jun-25, 0 devices found
[    4.034255] EDD information not available.
[    4.172131] input: AT Translated Set 2 keyboard as /devices/platform/i8042/serio0/input/input2
[    7.576518] Freeing unused kernel memory: 1484K (ffffffff81f44000 - ffffffff820b7000)
[    7.578623] Write protecting the kernel read-only data: 14336k
[    7.580786] Freeing unused kernel memory: 1796K (ffff88000183f000 - ffff880001a00000)
[    7.584108] Freeing unused kernel memory: 136K (ffff880001dde000 - ffff880001e00000)
Loading, please [    7.607655] random: systemd-udevd: uninitialized urandom read (16 bytes read, 3 bits of entropy available)
wait...
startin[    7.608459] random: udevadm: uninitialized urandom read (16 bytes read, 3 bits of entropy available)
g version 229
[    7.608513] random: udevadm: uninitialized urandom read (16 bytes read, 3 bits of entropy available)
[    7.608699] random: udevadm: uninitialized urandom read (16 bytes read, 3 bits of entropy available)
[    7.608764] random: udevadm: uninitialized urandom read (16 bytes read, 3 bits of entropy available)
[    7.608829] random: udevadm: uninitialized urandom read (16 bytes read, 3 bits of entropy available)
[    7.608897] random: udevadm: uninitialized urandom read (16 bytes read, 3 bits of entropy available)
[    7.608965] random: udevadm: uninitialized urandom read (16 bytes read, 3 bits of entropy available)
[    7.609028] random: udevadm: uninitialized urandom read (16 bytes read, 3 bits of entropy available)
[    7.609096] random: udevadm: uninitialized urandom read (16 bytes read, 3 bits of entropy available)
[    8.480224] e1000: Intel(R) PRO/1000 Network Driver - version 7.3.21-k8-NAPI
[    8.505198] e1000: Copyright (c) 1999-2006 Intel Corporation.
[    8.513376] Fusion MPT base driver 3.04.20
[    8.514942] Copyright (c) 1999-2008 LSI Corporation
[    8.531807] AVX version of gcm_enc/dec engaged.
[    8.540397] AES CTR mode by8 optimization enabled
[    8.547286] Fusion MPT SPI Host driver 3.04.20
[    8.751548] input: ImExPS/2 Generic Explorer Mouse as /devices/platform/i8042/serio1/input/input4
[    8.913808] e1000 0000:00:03.0 eth0: (PCI:33MHz:32-bit) 02:51:94:fb:32:e8
[    8.930412] e1000 0000:00:03.0 eth0: Intel(R) PRO/1000 Network Connection
[    8.932752] mptbase: ioc0: Initiating bringup
[    9.024750] ioc0: LSI53C1030 A0: Capabilities={Initiator}
[    9.212141] scsi host2: ioc0: LSI53C1030 A0, FwRev=00000000h, Ports=1, MaxQ=256, IRQ=20
[    9.355874] scsi 2:0:0:0: Direct-Access     VBOX     HARDDISK         1.0  PQ: 0 ANSI: 5
[    9.397769] scsi target2:0:0: Beginning Domain Validation
[    9.412602] scsi target2:0:0: Domain Validation skipping write tests
[    9.415608] scsi target2:0:0: Ending Domain Validation
[    9.435746] scsi target2:0:0: asynchronous
[    9.440287] scsi 2:0:1:0: Direct-Access     VBOX     HARDDISK         1.0  PQ: 0 ANSI: 5
[    9.443973] scsi target2:0:1: Beginning Domain Validation
[    9.447011] scsi target2:0:1: Domain Validation skipping write tests
[    9.456321] scsi target2:0:1: Ending Domain Validation
[    9.465399] scsi target2:0:1: asynchronous
[    9.565021] sd 2:0:0:0: Attached scsi generic sg0 type 0
[    9.575416] sd 2:0:0:0: [sda] 20971520 512-byte logical blocks: (10.7 GB/10.0 GiB)
[    9.586745] sd 2:0:1:0: [sdb] 20480 512-byte logical blocks: (10.5 MB/10.0 MiB)
[    9.603955] sd 2:0:1:0: Attached scsi generic sg1 type 0
[    9.612322] sd 2:0:0:0: [sda] Write Protect is off
[    9.619240] sd 2:0:1:0: [sdb] Write Protect is off
[    9.629438] sd 2:0:0:0: [sda] Incomplete mode parameter data
[    9.632173] sd 2:0:0:0: [sda] Assuming drive cache: write through
[    9.634067] sd 2:0:1:0: [sdb] Incomplete mode parameter data
[    9.639026] sd 2:0:1:0: [sdb] Assuming drive cache: write through
[    9.641799]  sda: sda1
[    9.644730] sd 2:0:0:0: [sda] Attached SCSI disk
[    9.648346] sd 2:0:1:0: [sdb] Attached SCSI disk
[    9.745374] e1000 0000:00:08.0 eth1: (PCI:33MHz:32-bit) 08:00:27:e9:65:91
[    9.809239] e1000 0000:00:08.0 eth1: Intel(R) PRO/1000 Network Connection
[    9.832403] e1000 0000:00:03.0 enp0s3: renamed from eth0
[    9.912118] e1000 0000:00:08.0 enp0s8: renamed from eth1
[   11.512736] floppy0: no floppy controllers found
Begin: Loading e[   13.032875] md: linear personality registered for level -1
ssential drivers ... [   13.101257] md: multipath personality registered for level -4
[   13.151786] md: raid0 personality registered for level 0
[   13.204096] md: raid1 personality registered for level 1
[   13.388453] raid6: sse2x1   gen()  6058 MB/s
[   13.508126] raid6: sse2x1   xor()  4497 MB/s
[   13.608007] raid6: sse2x2   gen() 10152 MB/s
[   13.712951] raid6: sse2x2   xor()  6130 MB/s
[   13.796547] raid6: sse2x4   gen() 11842 MB/s
[   13.888533] raid6: sse2x4   xor()  6047 MB/s
[   13.903034] raid6: using algorithm sse2x4 gen() 11842 MB/s
[   13.918070] raid6: .... xor() 6047 MB/s, rmw enabled
[   13.922749] raid6: using ssse3x2 recovery algorithm
[   13.956693] xor: automatically using best checksumming function:
[   14.056141]    avx       :  4295.000 MB/sec
[   14.098336] async_tx: api initialized (async)
[   14.147103] md: raid6 personality registered for level 6
[   14.164090] md: raid5 personality registered for level 5
[   14.186922] md: raid4 personality registered for level 4
[   14.256609] md: raid10 personality registered for level 10
done.
Begin: Running /scripts/init-premount ... done[   14.362767] Btrfs loaded
.
Begin: Mounting root file system ... Begin: Running /scripts/local-top ... do[   14.458948] EXT4-fs (sda1): mounted filesystem with ordered data mode. Opts: (null)
ne.
Begin: Running /scripts/local-premount ... Scanning for Btrfs filesystems
done.
Warning: fsck not present, so skipping root file system
done.
Begin: Running /scripts/local-bottom ... done.
Begin: Running /scripts/init-bottom ... done.
[   14.614485] systemd[1]: systemd 229 running in system mode. (+PAM +AUDIT +SELINUX +IMA +APPARMOR +SMACK +SYSVINIT +UTMP +LIBCRYPTSETUP +GCRYPT +GNUTLS +ACL +XZ -LZ4 +SECCOMP +BLKID +ELFUTILS +KMOD -IDN)
[   14.632840] systemd[1]: Detected virtualization oracle.
[   14.650908] systemd[1]: Detected architecture x86-64.

Welcome to [1mUbuntu 16.04.1 LTS[0m!

[   14.659717] systemd[1]: Set hostname to <ubuntu>.
[   14.669425] systemd[1]: Initializing machine ID from random generator.
[   14.793059] systemd[1]: Installed transient /etc/machine-id file.
[   14.972661] systemd[1]: Set up automount Arbitrary Executable File Formats File System Automount Point.
[[0;32m  OK  [0m] Set up automount Arbitrary Executab...ats File System Automount Point.
[   15.128972] systemd[1]: Listening on udev Control Socket.
[[0;32m  OK  [0m] Listening on udev Control Socket.
[   15.217067] systemd[1]: Reached target User and Group Name Lookups.
[[0;32m  OK  [0m] Reached target User and Group Name Lookups.
[   15.380920] systemd[1]: Listening on Journal Socket.
[[0;32m  OK  [0m] Listening on Journal Socket.
[   15.514118] systemd[1]: Created slice System Slice.
[[0;32m  OK  [0m] Created slice System Slice.
[   15.545102] systemd[1]: Starting Uncomplicated firewall...
         Starting Uncomplicated firewall...
[   15.589183] systemd[1]: Starting Load Kernel Modules...
         Starting Load Ke[   15.638521] Loading iSCSI transport class v2.0-870.
rnel Modules...
[   15.697736] systemd[1]: Mounting Huge Pages File System...
[   15.714105] iscsi: registered transport (tcp)
         Mounting Huge Pages File System...
[   15.801677] iscsi: registered transport (iser)
[   15.825007] systemd[1]: Starting Set console keymap...
         Starting Set console keymap...
[   15.926831] systemd[1]: Listening on LVM2 metadata daemon socket.
[[0;32m  OK  [0m] Listening on LVM2 metadata daemon socket.
[   16.061704] systemd[1]: Created slice User and Session Slice.
[[0;32m  OK  [0m] Created slice User and Session Slice.
[   16.238192] systemd[1]: Reached target Swap.
[[0;32m  OK  [0m] Reached target Swap.
[   16.377148] systemd[1]: Listening on Syslog Socket.
[[0;32m  OK  [0m] Listening on Syslog Socket.
[   16.556156] systemd[1]: Mounting Debug File System...
         Mounting Debug File System...
[   16.688729] systemd[1]: Starting Nameserver information manager...
         Starting Nameserver information manager...
[   16.852628] systemd[1]: Listening on LVM2 poll daemon socket.
[[0;32m  OK  [0m] Listening on LVM2 poll daemon socket.
[   17.048549] systemd[1]: Started Forward Password Requests to Wall Directory Watch.
[[0;32m  OK  [0m] Started Forward Password Requests to Wall Directory Watch.
[   17.180767] systemd[1]: Listening on Journal Socket (/dev/log).
[[0;32m  OK  [0m] Listening on Journal Socket (/dev/log).
[   17.368598] systemd[1]: Listening on /dev/initctl Compatibility Named Pipe.
[[0;32m  OK  [0m] Listening on /dev/initctl Compatibility Named Pipe.
[   17.485514] systemd[1]: Created slice system-serial\x2dgetty.slice.
[[0;32m  OK  [0m] Created slice system-serial\x2dgetty.slice.
[   17.668622] systemd[1]: Reached target Slices.
[[0;32m  OK  [0m] Reached target Slices.
[   17.792570] systemd[1]: Starting Remount Root and Kernel File Systems...
[   17.814045] random: nonblocking pool is initialized
[   17.816363] EXT4-fs (sda1): re-mounted. Opts: (null)
         Starting Remount Root and Kernel File Systems...
[   17.868316] systemd[1]: Listening on Journal Audit Socket.
[[0;32m  OK  [0m] Listening on Journal Audit Socket.
[   17.896501] systemd[1]: Starting Journal Service...
         Starting Journal Service...
[   17.960781] systemd[1]: Reached target Encrypted Volumes.
[[0;32m  OK  [0m] Reached target Encrypted Volumes.
[   18.060463] systemd[1]: Mounting POSIX Message Queue File System...
         Mounting POSIX Message Queue File System...
[   18.164412] systemd[1]: Listening on udev Kernel Socket.
[[0;32m  OK  [0m] Listening on udev Kernel Socket.
[   18.220660] systemd[1]: Listening on Device-mapper event daemon FIFOs.
[[0;32m  OK  [0m] Listening on Device-mapper event daemon FIFOs.
[   18.436688] systemd[1]: Starting Monitoring of LVM2 mirrors, snapshots etc. using dmeventd or progress polling...
         Starting Monitoring of LVM2 mirrors... dmeventd or progress polling...
[   18.552414] systemd[1]: Starting Create list of required static device nodes for the current kernel...
         Starting Create list of required st... nodes for the current kernel...
[   18.718537] systemd[1]: Mounted Huge Pages File System.
[[0;32m  OK  [0m] Mounted Huge Pages File System.
[   18.847649] systemd[1]: Mounted Debug File System.
[[0;32m  OK  [0m] Mounted Debug File System.
[   18.936989] systemd[1]: Mounted POSIX Message Queue File System.
[[0;32m  OK  [0m] Mounted POSIX Message Queue File System.
[   19.069347] systemd[1]: Started Journal Service.
[[0;32m  OK  [0m] Started Journal Service.
[[0;32m  OK  [0m] Started Uncomplicated firewall.
[[0;32m  OK  [0m] Started Load Kernel Modules.
[[0;32m  OK  [0m] Started Set console keymap.
[[0;32m  OK  [0m] Started Remount Root and Kernel File Systems.
[[0;32m  OK  [0m] Started Create list of required sta...ce nodes for the current kernel.
[[0;32m  OK  [0m] Started Nameserver information manager.
[[0;32m  OK  [0m] Started LVM2 metadata daemon.
         Starting Create Static Device Nodes in /dev...
         Starting udev Coldplug all Devices...
         Starting Initial cloud-init job (pre-networking)...
         Starting Load/Save Random Seed...
         Mounting FUSE Control File System...
         Starting Apply Kernel Variables...
         Starting Flush Journal to Persistent Storage...
[[0;32m  OK  [0m] Mounted FUSE Control File System.
[[0;32m  OK  [0m] Started Monitoring of LVM2 mirrors,...ng dmeventd or progress polling.
[[0;32m  OK  [0m] Started Create Static Device Nodes in /dev.
[[0;32m  OK  [0m] Started Load/Save Random Seed.
[[0;32m  OK  [0m] Started Apply Kernel Variables.
[[0;32m  OK  [0m] Started udev Coldplug all Devices.
[[0;32m  OK  [0m] Started Flush Journal to Persistent Storage.
         Starting udev Kernel Device Manager...
[[0;32m  OK  [0m] Started udev Kernel Device Manager.
[[0;32m  OK  [0m] Started Dispatch Password Requests to Console Directory Watch.
[[0;32m  OK  [0m] Reached target Local File Systems (Pre).
[[0;32m  OK  [0m] Reached target Local File Systems.
         Starting Set console font and keymap...
         Starting Tell Plymouth To Write Out Runtime Data...
[   21.040504] cloud-init[479]: Cloud-init v. 0.7.8 running 'init-local' at Tue, 10 Jan 2017 13:13:57 +0000. Up 20.66 seconds.
         Starting LSB: AppArmor initialization...
         Starting Commit a transient machine-id on disk...
         Starting Create Volatile Files and Directories...
[[0;32m  OK  [0m] Started Tell Plymouth To Write Out Runtime Data.
[[0;32m  OK  [0m] Started Set console font and keymap.
[[0;32m  OK  [0m] Started Commit a transient machine-id on disk.
[[0;32m  OK  [0m] Started Create Volatile Files and Directories.
[[0;32m  OK  [0m] Started Initial cloud-init job (pre-networking).
[[0;32m  OK  [0m] Found device /dev/ttyS0.
[[0;32m  OK  [0m] Listening on Load/Save RF Kill Switch Status /dev/rfkill Watch.
[[0;32m  OK  [0m] Reached target Network (Pre).
[[0;32m  OK  [0m] Reached target System Time Synchronized.
         Starting Update UTMP about System Boot/Shutdown...
[[0;32m  OK  [0m] Created slice system-getty.slice.
[[0;32m  OK  [0m] Started Update UTMP about System Boot/Shutdown.
[[0;32m  OK  [0m] Started LSB: AppArmor initialization.
[[0;32m  OK  [0m] Started ifup for enp0s3.
         Starting Raise network interfaces...
[[0;32m  OK  [0m] Started Raise network interfaces.
[[0;32m  OK  [0m] Reached target Network.
         Starting Initial cloud-init job (metadata service crawler)...
[   25.186160] cloud-init[1070]: Cloud-init v. 0.7.8 running 'init' at Tue, 10 Jan 2017 13:14:01 +0000. Up 24.62 seconds.
[   25.264434] [cloud-init[0;32m  OK  [0m[1070]: ] ci-info: ++++++++++++++++++++++++++++++++++++++Net device info++++++++++++++++++++++++++++++++++++++Started Initial cloud-init job (metadata service crawler).

[   25.264941] cloud-init[1070]: ci-info: +--------+-------+----------------------------+---------------+-------+-------------------+
[   25.520426] [cloud-init[0;32m  OK  [0m[1070]: ] ci-info: | Device |   Up  |          Address           |      Mask     | Scope |     Hw-Address    |Reached target Network is Online.

[   25.521070] cloud-init[1070]: ci-info: +--------+-------+----------------------------+---------------+-------+-------------------+
[   25.744493]          cloud-initStarting iSCSI initiator daemon (iscsid)...[1070]: 
ci-info: | enp0s8 | False |             .              |       .       |   .   | 08:00:27:e9:65:91 |
[   25.884939] [[0;32m  OK  [0m] Reached target System Initialization.
[[0;32m  OK  [0m] Listening on D-Bus System Message Bus Socket.
cloud-init[1070]: ci-info: | enp0s3 |  True |         10.0.2.15          | 255.255.255.0 |   .   | 02:51:94:fb:32:e8 |
[   26.062814] [cloud-init[0;32m  OK  [0m[1070]: ] ci-info: | enp0s3 |  True | fe80::51:94ff:fefb:32e8/64 |       .       |  link | 02:51:94:fb:32:e8 |Started ACPI Events Check.

[[0;32m  OK  [0m] Started Trigger resolvconf update for networkd DNS.
[[0;32m  OK  [0m] Reached target Paths.
[   26.063441] cloud-init[1070]: ci-info: |   lo   |  True |         127.0.0.1          |   255.0.0.0   |   .   |         .         |
[   26.234691] cloud-init[1070]: ci-info: |   lo   |  True |          ::1/128           |       .       |  host |         .         |
         Starting Socket activation for snappy daemon.
[[0;32m  OK  [0m] Started Timer to automatically refresh installed snaps.
[[0;32m  OK  [0m] Started Daily apt activities.
[   26.237872] cloud-init[1070]: ci-info: +--------+-------+----------------------------+---------------+-------+-------------------+
[   26.557174] [cloud-init[0;32m  OK  [0m[1070]: ] ci-info: +++++++++++++++++++++++++++Route IPv4 info++++++++++++++++++++++++++++Started Daily Cleanup of Temporary Directories.

[[0;32m  OK  [0m] Reached target Timers.
[[0;32m  OK  [0m] Listening on ACPID Listen Socket.
[   26.557670] cloud-init[1070]: ci-info: +-------+-------------+----------+---------------+-----------+-------+
[   26.771149]          Starting LXD - unix socket.
[[0;32m  OK  [0m] Listening on UUID daemon activation socket.
[[0;32m  OK  [0m] Reached target Cloud-config availability.
cloud-init[1070]: ci-info: | Route | Destination | Gateway  |    Genmask    | Interface | Flags |
[   26.921239] cloud-init[1070]: ci-info: +-------+-------------+----------+---------------+-----------+-------+
[   26.921566] cloud-init[1070]: ci-info: |   0   |   0.0.0.0   | 10.0.2.2 |    0.0.0.0    |   enp0s3  |   UG  |
[[0;32m  OK  [0m] Listening on Socket activation for snappy daemon.
[[   26.921731] cloud-init[1070]: ci-info: |   1   |   10.0.2.0  | 0.0.0.0  | 255.255.255.0 |   enp0s3  |   U   |
[   27.163757] cloud-init[1070]: ci-info: +-------+-------------+----------+---------------+-----------+-------+
[0;32m  OK  [0m] Listening on LXD - unix socket.
[[   27.163896] cloud-init[1070]: Generating public/private rsa key pair.
[   27.353708] cloud-init[1070]: Your identification has been saved in /etc/ssh/ssh_host_rsa_key.
[0;32m  OK  [0m] Started iSCSI initiator daemon (iscsid).
[   27.353878] cloud-init[1070]: Your public key has been saved in /etc/ssh/ssh_host_rsa_key.pub.
[   27.515709] cloud-init[1070]: The key fingerprint is:
[   27.516028] cloud-init[1070]: SHA256:HWlYmrnjUjEUDyWqKUtyrNS82GH+8+V7YQihATjVMRo root@ubuntu-xenial
         Starting Login to default iSCSI targets...
[[   27.516168] cloud-init[1070]: The key's randomart image is:
[   27.565629] cloud-init[1070]: +---[RSA 2048]----+
[0;32m  OK  [0m] Reached target Sockets.
[[   27.565738] cloud-init[1070]: |  oEoo. =oo      |
[   27.691742] cloud-init[1070]: | o  oo.+ X .     |
[0;32m  OK  [0m] Reached target Basic System.
[   27.691844] cloud-init[1070]: |  ..  + O =      |
         Starting System Logging Service...
[   27.884624] cloud-init[1070]: | .o  + . * .     |
[   27.884920] cloud-init[1070]: |..==o   S o      |
[   28.018448] cloud-init[1070]: |.==oo  o o o     |
[   28.018818] cloud-init[1070]: |...+  . ... .    |
         Starting LXD - container startup/shutdown...
[   28.019026] cloud-init[1070]: |    .. .o  .     |
[   28.153352] cloud-init[1070]: |     .o. oo      |
[   28.153763] cloud-init[1070]: +----[SHA256]-----+
[[0;32m  OK  [0m] Started Regular background program processing daemon.
[   28.153911] cloud-init[1070]: Generating public/private dsa key pair.
[   28.421013] [cloud-init[0;32m  OK  [0m[1070]: ] Your identification has been saved in /etc/ssh/ssh_host_dsa_key.Started ACPI event daemon.

[   28.421570] cloud-init[1070]: Your public key has been saved in /etc/ssh/ssh_host_dsa_key.pub.
[   28.557423] cloud-init[1070]: The key fingerprint is:
[   28.560407] cloud-init[1070]: SHA256:7gayzk+7E+RNIpKs5LxKOF678TI+tXIJw9hPMDuMG+g root@ubuntu-xenial
[   28.628435] cloud-init[1070]: The key's randomart image is:
[   28.628672] cloud-init[1070]: +---[DSA 1024]----+
         Starting Accounts Service...
[   28.628850] cloud-init[1070]: |                 |
[   28.793176] cloud-init[1070]: |                 |
[   28.793610] cloud-init[1070]: | . .             |
[   28.793935] cloud-init[1070]: | .+o. o .        |
[[0;32m  OK  [0m] Started Deferred execution scheduler.
[   28.794453] cloud-init[1070]: |=.*.++ +S        |
[   28.997087] [cloud-init[0;32m  OK  [0m[1070]: ] |+* O.o+..        |Started D-Bus System Message Bus.

[   28.997608] cloud-init[1070]: |+.+oBo+o.        |
[   29.116549] cloud-init[1070]: |oE.*=*.o.        |
[   29.116856] cloud-init[1070]: |o..=Xo++.        |
         Starting Login Service...
[   29.117030] cloud-init[1070]: +----[SHA256]-----+
[   29.226011] cloud-init[1070]: Generating public/private ecdsa key pair.
[   29.226363] cloud-init[1070]: Your identification has been saved in /etc/ssh/ssh_host_ecdsa_key.
[[0;32m  OK  [0m] Started FUSE filesystem for LXC.
[   29.226569] cloud-init[1070]: Your public key has been saved in /etc/ssh/ssh_host_ecdsa_key.pub.
[   29.529122] cloud-init[1070]: The key fingerprint is:
[   29.529424] cloud-init[1070]: SHA256:CbVLnIrU613cUE4QFvsmXJ20QtKW7v0aaDFOobA3qfk root@ubuntu-xenial
         Starting LSB: Record successful boot for GRUB...
[   29.529588] cloud-init[1070]: The key's randomart image is:
[   29.741112]          cloud-initStarting Pollinate to seed the pseudo random number generator...[1070]: 
+---[ECDSA 256]---+
         Starting Apply the settings specified in cloud-config...
[   29.854224] cloud-init[1070]: |        . *=+..  |
         Starting LSB: MD monitoring daemon...
[   29.946775] cloud-init[1070]: |     . o + B+o o |
         Starting /etc/rc.local Compatibility...
[   30.007624] cloud-init[1070]: |    . o * oo= +  |
[   30.100217] cloud-init[1070]: |   . . = B B.o   |
[   30.100290] cloud-init[1070]: |    . o S X.B.   |
[   30.100494] cloud-init[1070]: |     . . = *.+.  |
[   30.100536] cloud-init[1070]: |      . +   + .. |
[   30.100586] cloud-init[1070]: |         . .   ..|
[   30.100627] cloud-init[1070]: |          E   .. |
[   30.100668] cloud-init[1070]: +----[SHA256]-----+
[   30.100709] cloud-init[1070]: Generating public/private ed25519 key pair.
[   30.100750] cloud-init[1070]: Your identification has been saved in /etc/ssh/ssh_host_ed25519_key.
[   30.100790] cloud-init[1070]: Your public key has been saved in /etc/ssh/ssh_host_ed25519_key.pub.
[   30.100833] cloud-init[1070]: The key fingerprint is:
[   30.100875] cloud-init[1070]: SHA256:85mdU5cPAgRg+6+uXGY8aj2V9NQpp34cEACvODY17VE root@ubuntu-xenial
[   30.100916] cloud-init[1070]: The key's randomart image is:
[   30.100956] cloud-init[1070]: +--[ED25519 256]--+
[   30.100995] cloud-init[1070]: |      o.ooo.E    |
[   30.101036] cloud-init[1070]: |     . . + ..    |
[   30.101080] cloud-init[1070]: |      . o =  o . |
[   30.101141] cloud-init[1070]: |       + +.o+ + .|
[   30.101184] cloud-init[1070]: |      = S..+.=o..|
[   30.101223] cloud-init[1070]: |     . + +o+o+.o.|
[   30.101264] cloud-init[1070]: |       .*.=.+. ..|
[   30.101303] cloud-init[1070]: |     ..=oo  ..o  |
[   30.101343] cloud-init[1070]: |     .+oo.   .   |
[   30.101385] cloud-init[1070]: +----[SHA256]-----+
[[0;32m  OK  [0m] Started Snappy daemon.
[   30.278484] cloud-init[1226]: Generating locales (this might take a while)...
         Starting Auto import assertions from block devices...
[[0;32m  OK  [0m] Started System Logging Service.
[[0;32m  OK  [0m] Started LXD - container startup/shutdown.
[[0;32m  OK  [0m] Started Pollinate to seed the pseudo random number generator.
[[0;32m  OK  [0m] Started /etc/rc.local Compatibility.
[[0;32m  OK  [0m] Started Auto import assertions from block devices.
[   31.200092] cloud-init[1226]:   en_US.UTF-8... done
[   31.240631] cloud-init[1226]: Generation complete.
[[0;32m  OK  [0m] Started Login to default iSCSI targets.
[[0;32m  OK  [0m] Started LSB: MD monitoring daemon.
[[0;32m  OK  [0m] Started LSB: Record successful boot for GRUB.
         Starting Authenticate and Authorize Users to Run Privileged Tasks...
[[0;32m  OK  [0m] Reached target Remote File Systems (Pre).
[[0;32m  OK  [0m] Reached target Remote File Systems.
         Starting LSB: VirtualBox Linux Additions...
         Starting LSB: Set the CPU Frequency Scaling governor to "ondemand"...
         Starting Permit User Sessions...
         Starting LSB: daemon to balance interrupts for SMP systems...
         Starting LSB: automatic crash report generation...
[[0;32m  OK  [0m] Stopped OpenBSD Secure Shell server.
         Starting OpenBSD Secure Shell server...
[[0;32m  OK  [0m] Started OpenBSD Secure Shell server.
[[0;32m  OK  [0m] Started Permit User Sessions.
[[0;32m  OK  [0m] Started Login Service.
[[0;32m  OK  [0m] Started Authenticate and Authorize Users to Run Privileged Tasks.
[[0;32m  OK  [0m] Started Accounts Service.
[[0;32m  OK  [0m] Started LSB: Set the CPU Frequency Scaling governor to "ondemand".
[[0;32m  OK  [0m] Started LSB: VirtualBox Linux Additions.
         Starting Hold until boot process finishes up...
         Starting Terminate Plymouth Boot Screen...
[[0;32m  OK  [0m] Started LSB: daemon to balance interrupts for SMP systems.
[[0;32m  OK  [0m] Started LSB: automatic crash report generation.
[[0;32m  OK  [0m] Started Hold until boot process finishes up.
[[0;32m  OK  [0m] Started Terminate Plymouth Boot Screen.
[   32.560351] [cloud-init[0;32m  OK  [0m[1226]: ] Cloud-init v. 0.7.8 running 'modules:config' at Tue, 10 Jan 2017 13:14:06 +0000. Up 30.14 seconds.Started Apply the settings specified in cloud-config.

[[0;32m  OK  [0m] Started Serial Getty on ttyS0.
         Starting Set console scheme...
[[0;32m  OK  [0m] Started Getty on tty1.
[[0;32m  OK  [0m] Reached target Login Prompts.
[[0;32m  OK  [0m] Reached target Multi-User System.
         Starting Execute cloud user/final scripts...
[[0;32m  OK  [0m] Reached target Graphical Interface.
         Starting Update UTMP about System Runlevel Changes...
[[0;32m  OK  [0m] Started Set console scheme.
[[0;32m  OK  [0m] Started Update UTMP about System Runlevel Changes.
ci-info: no authorized ssh keys fingerprints found for user ubuntu.
<14>Jan 10 13:14:10 ec2: 
<14>Jan 10 13:14:10 ec2: #############################################################
<14>Jan 10 13:14:10 ec2: -----BEGIN SSH HOST KEY FINGERPRINTS-----
<14>Jan 10 13:14:10 ec2: 1024 SHA256:7gayzk+7E+RNIpKs5LxKOF678TI+tXIJw9hPMDuMG+g root@ubuntu-xenial (DSA)
<14>Jan 10 13:14:10 ec2: 256 SHA256:CbVLnIrU613cUE4QFvsmXJ20QtKW7v0aaDFOobA3qfk root@ubuntu-xenial (ECDSA)
<14>Jan 10 13:14:10 ec2: 256 SHA256:85mdU5cPAgRg+6+uXGY8aj2V9NQpp34cEACvODY17VE root@ubuntu-xenial (ED25519)
<14>Jan 10 13:14:10 ec2: 2048 SHA256:HWlYmrnjUjEUDyWqKUtyrNS82GH+8+V7YQihATjVMRo root@ubuntu-xenial (RSA)
<14>Jan 10 13:14:10 ec2: -----END SSH HOST KEY FINGERPRINTS-----
<14>Jan 10 13:14:10 ec2: #############################################################
-----BEGIN SSH HOST KEY KEYS-----
ecdsa-sha2-nistp256 AAAAE2VjZHNhLXNoYTItbmlzdHAyNTYAAAAIbmlzdHAyNTYAAABBBCX6NFpm0Rf7yumz5TU0zxGYH3o0D2dZItra/4LlMyFLnjdlC0k2CKU9eudfwoYzyPFps1EosPtxgd5OPkXWQYw= root@ubuntu-xenial
ssh-ed25519 AAAAC3NzaC1lZDI1NTE5AAAAIMhcAOqt044zH3hm0F5nt7s38l86QgfxeABsWEENCSkl root@ubuntu-xenial
ssh-rsa AAAAB3NzaC1yc2EAAAADAQABAAABAQCxqgGhNNgIHkUHj9m1TdFUAW5d3Bz1nl3/hDZjHiKgpZ6lt2t2GjPpfhwJLZGF/N/7ztACVetzUUx2/Tk/L1j9X3rstctFwn/zI75mYPycVn13MalNz06TR2KMdT5SYmRn/lUY+DDTFHT/UX7oYVcs6s4D/lw4/XB2wWKrkrwXetJ5Hu9jiQFpkbVlx+yQ6BmxteUEIRgER6ay9evka84upQbJ0TzHxQMLpzqQd6vuGTN2D6l0Xs3xYKmRj9VCxDlYPJdn/tcIJWSvWhfJnpSolpMZWrF+KjjQWnuaIn77h571OfqOiq7hnyNtPp9heq90Fz3Glima2tGtXAddne2Z root@ubuntu-xenial
-----END SSH HOST KEY KEYS-----
[   34.122488] cloud-init[1434]: Cloud-init v. 0.7.8 running 'modules:final' at Tue, 10 Jan 2017 13:14:09 +0000. Up 33.34 seconds.
[   34.137411] cloud-init[1434]: ci-info: no authorized ssh keys fingerprints found for user ubuntu.
[   34.192930] cloud-init[1434]: Cloud-init v. 0.7.8 finished at Tue, 10 Jan 2017 13:14:10 +0000. Datasource DataSourceNoCloud [seed=/dev/sdb][dsmode=net].  Up 34.11 seconds
[[0;32m  OK  [0m] Started Execute cloud user/final scripts.
[[0;32m  OK  [0m] Reached target Cloud-init target.

Ubuntu 16.04.1 LTS ubuntu-xenial ttyS0

ubuntu-xenial login: 